<?xml version="1.0" encoding="UTF-8"?>
<!-- Generated by org.testng.reporters.JUnitXMLReporter -->
<testsuite hostname="Sahebstua" ignored="0" name="Default test" tests="2" failures="0" timestamp="02 Feb 2021 17:54:35 GMT" time="64.437" errors="0">
  <testcase name="openbrowser_chrome" time="25.434" classname="Learn.Devops.com.Learn.Devops.com.DevopsPrac"/>
  <testcase name="openbrowser_edge" time="38.879" classname="Learn.Devops.com.Learn.Devops.com.DevopsPrac"/>
</testsuite> <!-- Default test -->
