<?xml version="1.0" encoding="UTF-8"?>
<!-- Generated by org.testng.reporters.JUnitXMLReporter -->
<testsuite hostname="Sahebstua" ignored="1" name="Test" tests="1" failures="0" timestamp="01 Feb 2021 09:49:06 GMT" time="0.208" errors="0">
  <testcase name="openbrowser1" time="0.053" classname="Learn.Devops.com.Learn.Devops.com.DevopsPrac"/>
  <testcase name="openbrowser" time="0.0" classname="Learn.Devops.com.Learn.Devops.com.DevopsPrac">
    <ignored/>
  </testcase> <!-- openbrowser -->
</testsuite> <!-- Test -->
