<?xml version="1.0" encoding="UTF-8"?>
<testng-results skipped="0" failed="0" ignored="0" total="2" passed="2">
  <reporter-output>
  </reporter-output>
  <suite name="Default suite" duration-ms="64437" started-at="2021-02-02T17:53:30Z" finished-at="2021-02-02T17:54:35Z">
    <groups>
    </groups>
    <test name="Default test" duration-ms="64437" started-at="2021-02-02T17:53:30Z" finished-at="2021-02-02T17:54:35Z">
      <class name="Learn.Devops.com.Learn.Devops.com.DevopsPrac">
        <test-method status="PASS" signature="openbrowser_chrome()[pri:0, instance:Learn.Devops.com.Learn.Devops.com.DevopsPrac@5ea434c8]" name="openbrowser_chrome" duration-ms="25434" started-at="2021-02-02T17:53:30Z" finished-at="2021-02-02T17:53:56Z">
          <reporter-output>
          </reporter-output>
        </test-method> <!-- openbrowser_chrome -->
        <test-method status="PASS" signature="openbrowser_edge()[pri:0, instance:Learn.Devops.com.Learn.Devops.com.DevopsPrac@5ea434c8]" name="openbrowser_edge" duration-ms="38879" started-at="2021-02-02T17:53:56Z" finished-at="2021-02-02T17:54:35Z">
          <reporter-output>
          </reporter-output>
        </test-method> <!-- openbrowser_edge -->
      </class> <!-- Learn.Devops.com.Learn.Devops.com.DevopsPrac -->
    </test> <!-- Default test -->
  </suite> <!-- Default suite -->
</testng-results>
